


ARM Macro Assembler    Page 1 


    1 00000000                 AREA             MYCODE, CODE,READONLY
    2 00000000                 ENTRY
    3 00000000                 EXPORT           __main
    4 00000000         
    5 00000000         __main
    6 00000000 F000 F800       BL               LED_INIT
    7 00000004         
    8 00000004         LED_INIT
    9 00000004 4819            LDR              R0 ,=0x40023800+0x30
   10 00000006 6801            LDR              R1,[R0]
   11 00000008 F041 0101       ORR              R1,R1,#(0x01)
   12 0000000C 6001            STR              R1,[R0]
   13 0000000E         
   14 0000000E         ;MODER
   15 0000000E 4818            LDR              R0,=0x40020000
   16 00000010 6801            LDR              R1,[R0]
   17 00000012 F421 6140       BIC              R1,R1,#(3<<10)
   18 00000016 F441 6180       ORR              R1,R1,#(1<<10)
   19 0000001A 6001            STR              R1,[R0]
   20 0000001C         
   21 0000001C         ;OTYPE
   22 0000001C 4815            LDR              R0,=0x40020004
   23 0000001E 6801            LDR              R1,[R0]
   24 00000020 F021 0120       BIC              R1,R1,#(1<<5)
   25 00000024 6001            STR              R1,[R0]
   26 00000026         
   27 00000026         ;OSPEED
   28 00000026 4814            LDR              R0,=0x40020008
   29 00000028 6801            LDR              R1,[R0]
   30 0000002A F421 6140       BIC              R1,R1,#(3<<10)
   31 0000002E 6001            STR              R1,[R0]
   32 00000030         
   33 00000030 F000 F800       BL               loop
   34 00000034         
   35 00000034         loop
   36 00000034 F000 F807       BL               LED_ON
   37 00000038 F000 F811       BL               delay_1s
   38 0000003C F000 F809       BL               LED_OFF
   39 00000040 F000 F80D       BL               delay_1s
   40 00000044 E7F6            B                loop
   41 00000046         
   42 00000046         LED_ON
   43 00000046 480D            LDR              R0,=0x40020014
   44 00000048 6801            LDR              R1,[R0]
   45 0000004A F041 0120       ORR              R1,R1,#(1<<5)
   46 0000004E 6001            STR              R1,[R0]
   47 00000050 4770            BX               LR
   48 00000052         
   49 00000052         LED_OFF
   50 00000052 480A            LDR              R0,=0x40020014
   51 00000054 6801            LDR              R1,[R0]
   52 00000056 F021 0120       BIC              R1,R1,#(1<<5)
   53 0000005A 6001            STR              R1,[R0]
   54 0000005C 4770            BX               LR
   55 0000005E         
   56 0000005E         delay_1s
   57 0000005E F44F 1380       MOV              R3,#0x00100000
   58 00000062         mm
   59 00000062 2B00            CMP              R3,#0



ARM Macro Assembler    Page 2 


   60 00000064 BF18 1E5B       SUBNE            R3,R3,#1
   61 00000068 D1FB            BNE              mm
   62 0000006A 4770            BX               LR
   63 0000006C         
   64 0000006C                 END
              40023830 
              40020000 
              40020004 
              40020008 
              40020014 
Command Line: --debug --xref --diag_suppress=9931 --cpu=Cortex-M4.fp.sp --apcs=
interwork --depend=.\list\ledbright.d -o.\list\ledbright.o -ID:\Keil_v5\Packs\K
eil\STM32F4xx_DFP\2.17.1\Drivers\CMSIS\Device\ST\STM32F4xx\Include --predefine=
"__EVAL SETA 1" --predefine="__UVISION_VERSION SETA 540" --predefine="STM32F401
xE SETA 1" --list=.\listings\ledbright.lst LEDBright.s



ARM Macro Assembler    Page 1 Alphabetic symbol ordering
Relocatable symbols

LED_INIT 00000004

Symbol: LED_INIT
   Definitions
      At line 8 in file LEDBright.s
   Uses
      At line 6 in file LEDBright.s
Comment: LED_INIT used once
LED_OFF 00000052

Symbol: LED_OFF
   Definitions
      At line 49 in file LEDBright.s
   Uses
      At line 38 in file LEDBright.s
Comment: LED_OFF used once
LED_ON 00000046

Symbol: LED_ON
   Definitions
      At line 42 in file LEDBright.s
   Uses
      At line 36 in file LEDBright.s
Comment: LED_ON used once
MYCODE 00000000

Symbol: MYCODE
   Definitions
      At line 1 in file LEDBright.s
   Uses
      None
Comment: MYCODE unused
__main 00000000

Symbol: __main
   Definitions
      At line 5 in file LEDBright.s
   Uses
      At line 3 in file LEDBright.s
Comment: __main used once
delay_1s 0000005E

Symbol: delay_1s
   Definitions
      At line 56 in file LEDBright.s
   Uses
      At line 37 in file LEDBright.s
      At line 39 in file LEDBright.s

loop 00000034

Symbol: loop
   Definitions
      At line 35 in file LEDBright.s
   Uses
      At line 33 in file LEDBright.s
      At line 40 in file LEDBright.s

mm 00000062



ARM Macro Assembler    Page 2 Alphabetic symbol ordering
Relocatable symbols


Symbol: mm
   Definitions
      At line 58 in file LEDBright.s
   Uses
      At line 61 in file LEDBright.s
Comment: mm used once
8 symbols
344 symbols in table
